0 info it worked if it ends with ok
1 verbose cli [ '/usr/bin/node', '/usr/bin/npm', 'link' ]
2 info using npm@1.4.28
3 info using node@v0.10.33
4 verbose node symlink /usr/bin/node
5 verbose linkPkg /home/lastleaf/programs/lightpalette
6 error Error: EACCES, symlink '/home/lastleaf/programs/lightpalette'
6 error  { [Error: EACCES, symlink '/home/lastleaf/programs/lightpalette']
6 error   errno: 3,
6 error   code: 'EACCES',
6 error   path: '/home/lastleaf/programs/lightpalette' }
7 error Please try running this command again as root/Administrator.
8 error System Linux 3.13.0-43-generic
9 error command "/usr/bin/node" "/usr/bin/npm" "link"
10 error cwd /home/lastleaf/programs/lightpalette
11 error node -v v0.10.33
12 error npm -v 1.4.28
13 error path /home/lastleaf/programs/lightpalette
14 error code EACCES
15 error errno 3
16 error stack Error: EACCES, symlink '/home/lastleaf/programs/lightpalette'
17 verbose exit [ 3, true ]
